2020-02-13T15:25:11+00:00 CRITICAL Uncaught Error: Using $this when not in object context in C:\OpenServ\OSPanel\domains\bike\wp-content\themes\bike\functions.php:257
Stack trace:
#0 C:\OpenServ\OSPanel\domains\bike\wp-settings.php(497): include()
#1 C:\OpenServ\OSPanel\domains\bike\wp-config.php(91): require_once('C:\\OpenServ\\OSP...')
#2 C:\OpenServ\OSPanel\domains\bike\wp-load.php(37): require_once('C:\\OpenServ\\OSP...')
#3 C:\OpenServ\OSPanel\domains\bike\wp-blog-header.php(13): require_once('C:\\OpenServ\\OSP...')
#4 C:\OpenServ\OSPanel\domains\bike\index.php(17): require('C:\\OpenServ\\OSP...')
#5 {main}
  thrown in C:\OpenServ\OSPanel\domains\bike\wp-content\themes\bike\functions.php on line 257

2020-02-13T15:25:56+00:00 CRITICAL Uncaught Error: Using $this when not in object context in C:\OpenServ\OSPanel\domains\bike\wp-content\themes\bike\functions.php:257
Stack trace:
#0 C:\OpenServ\OSPanel\domains\bike\wp-settings.php(497): include()
#1 C:\OpenServ\OSPanel\domains\bike\wp-config.php(91): require_once('C:\\OpenServ\\OSP...')
#2 C:\OpenServ\OSPanel\domains\bike\wp-load.php(37): require_once('C:\\OpenServ\\OSP...')
#3 C:\OpenServ\OSPanel\domains\bike\wp-admin\admin.php(34): require_once('C:\\OpenServ\\OSP...')
#4 {main}
  thrown in C:\OpenServ\OSPanel\domains\bike\wp-content\themes\bike\functions.php on line 257

2020-02-13T15:51:54+00:00 CRITICAL syntax error, unexpected '<', expecting end of file in C:\OpenServ\OSPanel\domains\bike\wp-content\themes\bike\functions.php on line 295

2020-02-13T15:57:57+00:00 CRITICAL syntax error, unexpected 'function' (T_FUNCTION), expecting identifier (T_STRING) or variable (T_VARIABLE) or '{' or '$' in C:\OpenServ\OSPanel\domains\bike\wp-content\themes\bike\functions.php on line 261

2020-02-13T16:01:59+00:00 CRITICAL syntax error, unexpected ';', expecting identifier (T_STRING) or variable (T_VARIABLE) or '{' or '$' in C:\OpenServ\OSPanel\domains\bike\wp-content\themes\bike\functions.php on line 259

2020-02-13T16:10:00+00:00 CRITICAL syntax error, unexpected ')' in C:\OpenServ\OSPanel\domains\bike\wp-content\themes\bike\functions.php on line 261

2020-02-13T16:14:02+00:00 CRITICAL syntax error, unexpected '{' in C:\OpenServ\OSPanel\domains\bike\wp-content\themes\bike\functions.php on line 261

2020-02-13T16:22:05+00:00 CRITICAL Object of class stdClass could not be converted to string in C:\OpenServ\OSPanel\domains\bike\wp-content\themes\bike\functions.php on line 262

2020-02-13T16:22:07+00:00 CRITICAL Object of class stdClass could not be converted to string in C:\OpenServ\OSPanel\domains\bike\wp-content\themes\bike\functions.php on line 262

2020-02-13T16:22:33+00:00 CRITICAL syntax error, unexpected 'echo' (T_ECHO) in C:\OpenServ\OSPanel\domains\bike\wp-content\themes\bike\functions.php on line 259

2020-02-13T16:36:27+00:00 CRITICAL syntax error, unexpected '$json' (T_VARIABLE), expecting ',' or ')' in C:\OpenServ\OSPanel\domains\bike\wp-content\themes\bike\functions.php on line 260

2020-02-13T16:37:28+00:00 CRITICAL syntax error, unexpected ',', expecting ']' in C:\OpenServ\OSPanel\domains\bike\wp-content\themes\bike\functions.php on line 260

2020-02-13T16:38:28+00:00 CRITICAL syntax error, unexpected '[', expecting ']' in C:\OpenServ\OSPanel\domains\bike\wp-content\themes\bike\functions.php on line 260

2020-02-13T16:39:29+00:00 CRITICAL syntax error, unexpected '[', expecting ']' in C:\OpenServ\OSPanel\domains\bike\wp-content\themes\bike\functions.php on line 260

