2020-02-01T14:30:53+00:00 CRITICAL Uncaught Error: Call to undefined function bike_the_posts_navigation() in C:\OpenServ\OSPanel\domains\bike\wp-content\themes\bike\search.php:43
Stack trace:
#0 C:\OpenServ\OSPanel\domains\bike\wp-includes\template-loader.php(98): include()
#1 C:\OpenServ\OSPanel\domains\bike\wp-blog-header.php(19): require_once('C:\\OpenServ\\OSP...')
#2 C:\OpenServ\OSPanel\domains\bike\index.php(17): require('C:\\OpenServ\\OSP...')
#3 {main}
  thrown in C:\OpenServ\OSPanel\domains\bike\wp-content\themes\bike\search.php on line 43

2020-02-01T20:08:26+00:00 CRITICAL Uncaught Error: Class 'custom_walker_nav_menu' not found in C:\OpenServ\OSPanel\domains\bike\wp-content\themes\bike\header.php:44
Stack trace:
#0 C:\OpenServ\OSPanel\domains\bike\wp-includes\template.php(722): require_once()
#1 C:\OpenServ\OSPanel\domains\bike\wp-includes\template.php(671): load_template('C:\\OpenServ\\OSP...', true)
#2 C:\OpenServ\OSPanel\domains\bike\wp-includes\general-template.php(41): locate_template(Array, true)
#3 C:\OpenServ\OSPanel\domains\bike\wp-content\themes\bike\single.php(12): get_header()
#4 C:\OpenServ\OSPanel\domains\bike\wp-includes\template-loader.php(98): include('C:\\OpenServ\\OSP...')
#5 C:\OpenServ\OSPanel\domains\bike\wp-blog-header.php(19): require_once('C:\\OpenServ\\OSP...')
#6 C:\OpenServ\OSPanel\domains\bike\index.php(17): require('C:\\OpenServ\\OSP...')
#7 {main}
  thrown in C:\OpenServ\OSPanel\domains\bike\wp-content\themes\bike\header.php on line 44

2020-02-01T20:11:23+00:00 CRITICAL Uncaught Error: Class 'custom_walker_nav_menu' not found in C:\OpenServ\OSPanel\domains\bike\wp-content\themes\bike\header.php:44
Stack trace:
#0 C:\OpenServ\OSPanel\domains\bike\wp-includes\template.php(722): require_once()
#1 C:\OpenServ\OSPanel\domains\bike\wp-includes\template.php(671): load_template('C:\\OpenServ\\OSP...', true)
#2 C:\OpenServ\OSPanel\domains\bike\wp-includes\general-template.php(41): locate_template(Array, true)
#3 C:\OpenServ\OSPanel\domains\bike\wp-content\themes\bike\single.php(12): get_header()
#4 C:\OpenServ\OSPanel\domains\bike\wp-includes\template-loader.php(98): include('C:\\OpenServ\\OSP...')
#5 C:\OpenServ\OSPanel\domains\bike\wp-blog-header.php(19): require_once('C:\\OpenServ\\OSP...')
#6 C:\OpenServ\OSPanel\domains\bike\index.php(17): require('C:\\OpenServ\\OSP...')
#7 {main}
  thrown in C:\OpenServ\OSPanel\domains\bike\wp-content\themes\bike\header.php on line 44

2020-02-01T20:12:26+00:00 CRITICAL Uncaught Error: Class 'custom_walker_nav_menu' not found in C:\OpenServ\OSPanel\domains\bike\wp-content\themes\bike\footer.php:17
Stack trace:
#0 C:\OpenServ\OSPanel\domains\bike\wp-includes\template.php(722): require_once()
#1 C:\OpenServ\OSPanel\domains\bike\wp-includes\template.php(671): load_template('C:\\OpenServ\\OSP...', true)
#2 C:\OpenServ\OSPanel\domains\bike\wp-includes\general-template.php(76): locate_template(Array, true)
#3 C:\OpenServ\OSPanel\domains\bike\wp-content\themes\bike\single.php(39): get_footer()
#4 C:\OpenServ\OSPanel\domains\bike\wp-includes\template-loader.php(98): include('C:\\OpenServ\\OSP...')
#5 C:\OpenServ\OSPanel\domains\bike\wp-blog-header.php(19): require_once('C:\\OpenServ\\OSP...')
#6 C:\OpenServ\OSPanel\domains\bike\index.php(17): require('C:\\OpenServ\\OSP...')
#7 {main}
  thrown in C:\OpenServ\OSPanel\domains\bike\wp-content\themes\bike\footer.php on line 17

