2020-02-15T06:53:34+00:00 CRITICAL Uncaught Error: Call to undefined function twentynineteen_the_posts_navigation() in C:\OpenServ\OSPanel\domains\bike\wp-content\themes\bike\archive.php:42
Stack trace:
#0 C:\OpenServ\OSPanel\domains\bike\wp-includes\template-loader.php(98): include()
#1 C:\OpenServ\OSPanel\domains\bike\wp-blog-header.php(19): require_once('C:\\OpenServ\\OSP...')
#2 C:\OpenServ\OSPanel\domains\bike\index.php(17): require('C:\\OpenServ\\OSP...')
#3 {main}
  thrown in C:\OpenServ\OSPanel\domains\bike\wp-content\themes\bike\archive.php on line 42

2020-02-15T06:56:19+00:00 CRITICAL Uncaught Error: Call to undefined function twentynineteen_the_posts_navigation() in C:\OpenServ\OSPanel\domains\bike\wp-content\themes\bike\archive.php:42
Stack trace:
#0 C:\OpenServ\OSPanel\domains\bike\wp-includes\template-loader.php(98): include()
#1 C:\OpenServ\OSPanel\domains\bike\wp-blog-header.php(19): require_once('C:\\OpenServ\\OSP...')
#2 C:\OpenServ\OSPanel\domains\bike\index.php(17): require('C:\\OpenServ\\OSP...')
#3 {main}
  thrown in C:\OpenServ\OSPanel\domains\bike\wp-content\themes\bike\archive.php on line 42

2020-02-15T07:31:26+00:00 CRITICAL syntax error, unexpected 'else' (T_ELSE) in C:\OpenServ\OSPanel\domains\bike\wp-content\themes\bike\archive.php on line 42

2020-02-15T07:32:17+00:00 CRITICAL syntax error, unexpected 'else' (T_ELSE) in C:\OpenServ\OSPanel\domains\bike\wp-content\themes\bike\archive.php on line 42

2020-02-15T23:44:19+00:00 CRITICAL syntax error, unexpected '/' in C:\OpenServ\OSPanel\domains\bike\wp-content\themes\bike\functions.php on line 308

2020-02-15T23:45:17+00:00 CRITICAL Uncaught Error: Call to undefined function replace() in C:\OpenServ\OSPanel\domains\bike\wp-content\themes\bike\functions.php:310
Stack trace:
#0 C:\OpenServ\OSPanel\domains\bike\wp-includes\class-wp-hook.php(290): bike_change_product_price_display('<span class="wo...')
#1 C:\OpenServ\OSPanel\domains\bike\wp-includes\plugin.php(206): WP_Hook->apply_filters('<span class="wo...', Array)
#2 C:\OpenServ\OSPanel\domains\bike\wp-content\plugins\woocommerce\includes\abstracts\abstract-wc-product.php(1767): apply_filters('woocommerce_get...', '<span class="wo...', Object(WC_Product_Simple))
#3 C:\OpenServ\OSPanel\domains\bike\wp-content\plugins\woocommerce\templates\single-product\price.php(25): WC_Product->get_price_html()
#4 C:\OpenServ\OSPanel\domains\bike\wp-content\plugins\woocommerce\includes\wc-core-functions.php(249): include('C:\\OpenServ\\OSP...')
#5 C:\OpenServ\OSPanel\domains\bike\wp-content\plugins\woocommerce\includes\wc-template-functions.php(1525): wc_get_template('single-product/...')
#6 C:\OpenServ\ in C:\OpenServ\OSPanel\domains\bike\wp-content\themes\bike\functions.php on line 310

