2020-02-02T09:11:44+00:00 CRITICAL Uncaught Error: Call to undefined function twentytwenty_unique_id() in C:\OpenServ\OSPanel\domains\bike\wp-content\themes\twentytwenty - 222\searchform.php:18
Stack trace:
#0 C:\OpenServ\OSPanel\domains\bike\wp-includes\general-template.php(258): require()
#1 C:\OpenServ\OSPanel\domains\bike\wp-content\themes\twentytwenty - 222\404.php(24): get_search_form(Array)
#2 C:\OpenServ\OSPanel\domains\bike\wp-includes\template-loader.php(98): include('C:\\OpenServ\\OSP...')
#3 C:\OpenServ\OSPanel\domains\bike\wp-blog-header.php(19): require_once('C:\\OpenServ\\OSP...')
#4 C:\OpenServ\OSPanel\domains\bike\index.php(17): require('C:\\OpenServ\\OSP...')
#5 {main}
  thrown in C:\OpenServ\OSPanel\domains\bike\wp-content\themes\twentytwenty - 222\searchform.php on line 18

2020-02-02T10:17:09+00:00 CRITICAL Uncaught Error: Call to a member function is_on_sale() on string in C:\OpenServ\OSPanel\domains\bike\wp-content\plugins\woocommerce\templates\single-product\sale-flash.php:25
Stack trace:
#0 C:\OpenServ\OSPanel\domains\bike\wp-content\plugins\woocommerce\includes\wc-core-functions.php(249): include()
#1 C:\OpenServ\OSPanel\domains\bike\wp-content\plugins\woocommerce\includes\wc-template-functions.php(1561): wc_get_template('single-product/...')
#2 C:\OpenServ\OSPanel\domains\bike\wp-includes\class-wp-hook.php(288): woocommerce_show_product_sale_flash('')
#3 C:\OpenServ\OSPanel\domains\bike\wp-includes\class-wp-hook.php(312): WP_Hook->apply_filters('', Array)
#4 C:\OpenServ\OSPanel\domains\bike\wp-includes\plugin.php(478): WP_Hook->do_action(Array)
#5 C:\OpenServ\OSPanel\domains\bike\wp-content\plugins\woocommerce\templates\content-single-product.php(43): do_action('woocommerce_bef...')
#6 C:\OpenServ\OSPanel\domains\bike\wp-includes\template.php(724): require('C:\\OpenServ\\OSP...')
#7 C:\OpenServ\OSPanel\dom in C:\OpenServ\OSPanel\domains\bike\wp-content\plugins\woocommerce\templates\single-product\sale-flash.php on line 25

2020-02-02T10:53:45+00:00 CRITICAL Uncaught Error: Call to undefined function twentytwenty_unique_id() in C:\OpenServ\OSPanel\domains\bike\wp-content\themes\twentytwenty - 1111\searchform.php:18
Stack trace:
#0 C:\OpenServ\OSPanel\domains\bike\wp-includes\general-template.php(258): require()
#1 C:\OpenServ\OSPanel\domains\bike\wp-content\themes\twentytwenty - 1111\404.php(24): get_search_form(Array)
#2 C:\OpenServ\OSPanel\domains\bike\wp-includes\template-loader.php(98): include('C:\\OpenServ\\OSP...')
#3 C:\OpenServ\OSPanel\domains\bike\wp-blog-header.php(19): require_once('C:\\OpenServ\\OSP...')
#4 C:\OpenServ\OSPanel\domains\bike\index.php(17): require('C:\\OpenServ\\OSP...')
#5 {main}
  thrown in C:\OpenServ\OSPanel\domains\bike\wp-content\themes\twentytwenty - 1111\searchform.php on line 18

2020-02-02T10:53:45+00:00 CRITICAL Uncaught Error: Call to undefined function twentytwenty_unique_id() in C:\OpenServ\OSPanel\domains\bike\wp-content\themes\twentytwenty - 1111\searchform.php:18
Stack trace:
#0 C:\OpenServ\OSPanel\domains\bike\wp-includes\general-template.php(258): require()
#1 C:\OpenServ\OSPanel\domains\bike\wp-content\themes\twentytwenty - 1111\404.php(24): get_search_form(Array)
#2 C:\OpenServ\OSPanel\domains\bike\wp-includes\template-loader.php(98): include('C:\\OpenServ\\OSP...')
#3 C:\OpenServ\OSPanel\domains\bike\wp-blog-header.php(19): require_once('C:\\OpenServ\\OSP...')
#4 C:\OpenServ\OSPanel\domains\bike\index.php(17): require('C:\\OpenServ\\OSP...')
#5 {main}
  thrown in C:\OpenServ\OSPanel\domains\bike\wp-content\themes\twentytwenty - 1111\searchform.php on line 18

2020-02-02T10:53:47+00:00 CRITICAL Uncaught Error: Call to undefined function twentytwenty_unique_id() in C:\OpenServ\OSPanel\domains\bike\wp-content\themes\twentytwenty - 1111\searchform.php:18
Stack trace:
#0 C:\OpenServ\OSPanel\domains\bike\wp-includes\general-template.php(258): require()
#1 C:\OpenServ\OSPanel\domains\bike\wp-content\themes\twentytwenty - 1111\404.php(24): get_search_form(Array)
#2 C:\OpenServ\OSPanel\domains\bike\wp-includes\template-loader.php(98): include('C:\\OpenServ\\OSP...')
#3 C:\OpenServ\OSPanel\domains\bike\wp-blog-header.php(19): require_once('C:\\OpenServ\\OSP...')
#4 C:\OpenServ\OSPanel\domains\bike\index.php(17): require('C:\\OpenServ\\OSP...')
#5 {main}
  thrown in C:\OpenServ\OSPanel\domains\bike\wp-content\themes\twentytwenty - 1111\searchform.php on line 18

2020-02-02T10:54:24+00:00 CRITICAL Uncaught Error: Call to undefined function twentytwenty_unique_id() in C:\OpenServ\OSPanel\domains\bike\wp-content\themes\twentytwenty - 1111\searchform.php:18
Stack trace:
#0 C:\OpenServ\OSPanel\domains\bike\wp-includes\general-template.php(258): require()
#1 C:\OpenServ\OSPanel\domains\bike\wp-content\themes\twentytwenty - 1111\404.php(24): get_search_form(Array)
#2 C:\OpenServ\OSPanel\domains\bike\wp-includes\template-loader.php(98): include('C:\\OpenServ\\OSP...')
#3 C:\OpenServ\OSPanel\domains\bike\wp-blog-header.php(19): require_once('C:\\OpenServ\\OSP...')
#4 C:\OpenServ\OSPanel\domains\bike\index.php(17): require('C:\\OpenServ\\OSP...')
#5 {main}
  thrown in C:\OpenServ\OSPanel\domains\bike\wp-content\themes\twentytwenty - 1111\searchform.php on line 18

2020-02-02T10:54:24+00:00 CRITICAL Uncaught Error: Call to undefined function twentytwenty_unique_id() in C:\OpenServ\OSPanel\domains\bike\wp-content\themes\twentytwenty - 1111\searchform.php:18
Stack trace:
#0 C:\OpenServ\OSPanel\domains\bike\wp-includes\general-template.php(258): require()
#1 C:\OpenServ\OSPanel\domains\bike\wp-content\themes\twentytwenty - 1111\404.php(24): get_search_form(Array)
#2 C:\OpenServ\OSPanel\domains\bike\wp-includes\template-loader.php(98): include('C:\\OpenServ\\OSP...')
#3 C:\OpenServ\OSPanel\domains\bike\wp-blog-header.php(19): require_once('C:\\OpenServ\\OSP...')
#4 C:\OpenServ\OSPanel\domains\bike\index.php(17): require('C:\\OpenServ\\OSP...')
#5 {main}
  thrown in C:\OpenServ\OSPanel\domains\bike\wp-content\themes\twentytwenty - 1111\searchform.php on line 18

2020-02-02T10:54:25+00:00 CRITICAL Uncaught Error: Call to undefined function twentytwenty_unique_id() in C:\OpenServ\OSPanel\domains\bike\wp-content\themes\twentytwenty - 1111\searchform.php:18
Stack trace:
#0 C:\OpenServ\OSPanel\domains\bike\wp-includes\general-template.php(258): require()
#1 C:\OpenServ\OSPanel\domains\bike\wp-content\themes\twentytwenty - 1111\404.php(24): get_search_form(Array)
#2 C:\OpenServ\OSPanel\domains\bike\wp-includes\template-loader.php(98): include('C:\\OpenServ\\OSP...')
#3 C:\OpenServ\OSPanel\domains\bike\wp-blog-header.php(19): require_once('C:\\OpenServ\\OSP...')
#4 C:\OpenServ\OSPanel\domains\bike\index.php(17): require('C:\\OpenServ\\OSP...')
#5 {main}
  thrown in C:\OpenServ\OSPanel\domains\bike\wp-content\themes\twentytwenty - 1111\searchform.php on line 18

2020-02-02T10:54:47+00:00 CRITICAL Uncaught Error: Call to undefined function twentytwenty_the_post_meta() in C:\OpenServ\OSPanel\domains\bike\wp-content\themes\twentytwenty - 1111\template-parts\entry-header.php:70
Stack trace:
#0 C:\OpenServ\OSPanel\domains\bike\wp-includes\template.php(724): require()
#1 C:\OpenServ\OSPanel\domains\bike\wp-includes\template.php(671): load_template('C:\\OpenServ\\OSP...', false)
#2 C:\OpenServ\OSPanel\domains\bike\wp-includes\general-template.php(168): locate_template(Array, true, false)
#3 C:\OpenServ\OSPanel\domains\bike\wp-content\themes\twentytwenty - 1111\template-parts\content.php(20): get_template_part('template-parts/...')
#4 C:\OpenServ\OSPanel\domains\bike\wp-includes\template.php(724): require('C:\\OpenServ\\OSP...')
#5 C:\OpenServ\OSPanel\domains\bike\wp-includes\template.php(671): load_template('C:\\OpenServ\\OSP...', false)
#6 C:\OpenServ\OSPanel\domains\bike\wp-includes\general-template.php(168): locate_template(Array, true, false)
#7 C:\OpenServ\OSPanel\domains\bike\wp-content\themes\twentytw in C:\OpenServ\OSPanel\domains\bike\wp-content\themes\twentytwenty - 1111\template-parts\entry-header.php on line 70

2020-02-02T10:54:48+00:00 CRITICAL Uncaught Error: Call to undefined function twentytwenty_unique_id() in C:\OpenServ\OSPanel\domains\bike\wp-content\themes\twentytwenty - 1111\searchform.php:18
Stack trace:
#0 C:\OpenServ\OSPanel\domains\bike\wp-includes\general-template.php(258): require()
#1 C:\OpenServ\OSPanel\domains\bike\wp-content\themes\twentytwenty - 1111\404.php(24): get_search_form(Array)
#2 C:\OpenServ\OSPanel\domains\bike\wp-includes\template-loader.php(98): include('C:\\OpenServ\\OSP...')
#3 C:\OpenServ\OSPanel\domains\bike\wp-blog-header.php(19): require_once('C:\\OpenServ\\OSP...')
#4 C:\OpenServ\OSPanel\domains\bike\index.php(17): require('C:\\OpenServ\\OSP...')
#5 {main}
  thrown in C:\OpenServ\OSPanel\domains\bike\wp-content\themes\twentytwenty - 1111\searchform.php on line 18

2020-02-02T10:54:48+00:00 CRITICAL Uncaught Error: Call to undefined function twentytwenty_unique_id() in C:\OpenServ\OSPanel\domains\bike\wp-content\themes\twentytwenty - 1111\searchform.php:18
Stack trace:
#0 C:\OpenServ\OSPanel\domains\bike\wp-includes\general-template.php(258): require()
#1 C:\OpenServ\OSPanel\domains\bike\wp-content\themes\twentytwenty - 1111\404.php(24): get_search_form(Array)
#2 C:\OpenServ\OSPanel\domains\bike\wp-includes\template-loader.php(98): include('C:\\OpenServ\\OSP...')
#3 C:\OpenServ\OSPanel\domains\bike\wp-blog-header.php(19): require_once('C:\\OpenServ\\OSP...')
#4 C:\OpenServ\OSPanel\domains\bike\index.php(17): require('C:\\OpenServ\\OSP...')
#5 {main}
  thrown in C:\OpenServ\OSPanel\domains\bike\wp-content\themes\twentytwenty - 1111\searchform.php on line 18

2020-02-02T10:55:58+00:00 CRITICAL Uncaught Error: Call to undefined function twentytwenty_unique_id() in C:\OpenServ\OSPanel\domains\bike\wp-content\themes\twentytwenty - 1111\searchform.php:18
Stack trace:
#0 C:\OpenServ\OSPanel\domains\bike\wp-includes\general-template.php(258): require()
#1 C:\OpenServ\OSPanel\domains\bike\wp-content\themes\twentytwenty - 1111\404.php(24): get_search_form(Array)
#2 C:\OpenServ\OSPanel\domains\bike\wp-includes\template-loader.php(98): include('C:\\OpenServ\\OSP...')
#3 C:\OpenServ\OSPanel\domains\bike\wp-blog-header.php(19): require_once('C:\\OpenServ\\OSP...')
#4 C:\OpenServ\OSPanel\domains\bike\index.php(17): require('C:\\OpenServ\\OSP...')
#5 {main}
  thrown in C:\OpenServ\OSPanel\domains\bike\wp-content\themes\twentytwenty - 1111\searchform.php on line 18

2020-02-02T10:55:58+00:00 CRITICAL Uncaught Error: Call to undefined function twentytwenty_unique_id() in C:\OpenServ\OSPanel\domains\bike\wp-content\themes\twentytwenty - 1111\searchform.php:18
Stack trace:
#0 C:\OpenServ\OSPanel\domains\bike\wp-includes\general-template.php(258): require()
#1 C:\OpenServ\OSPanel\domains\bike\wp-content\themes\twentytwenty - 1111\404.php(24): get_search_form(Array)
#2 C:\OpenServ\OSPanel\domains\bike\wp-includes\template-loader.php(98): include('C:\\OpenServ\\OSP...')
#3 C:\OpenServ\OSPanel\domains\bike\wp-blog-header.php(19): require_once('C:\\OpenServ\\OSP...')
#4 C:\OpenServ\OSPanel\domains\bike\index.php(17): require('C:\\OpenServ\\OSP...')
#5 {main}
  thrown in C:\OpenServ\OSPanel\domains\bike\wp-content\themes\twentytwenty - 1111\searchform.php on line 18

2020-02-02T10:55:58+00:00 CRITICAL Uncaught Error: Call to undefined function twentytwenty_unique_id() in C:\OpenServ\OSPanel\domains\bike\wp-content\themes\twentytwenty - 1111\searchform.php:18
Stack trace:
#0 C:\OpenServ\OSPanel\domains\bike\wp-includes\general-template.php(258): require()
#1 C:\OpenServ\OSPanel\domains\bike\wp-content\themes\twentytwenty - 1111\404.php(24): get_search_form(Array)
#2 C:\OpenServ\OSPanel\domains\bike\wp-includes\template-loader.php(98): include('C:\\OpenServ\\OSP...')
#3 C:\OpenServ\OSPanel\domains\bike\wp-blog-header.php(19): require_once('C:\\OpenServ\\OSP...')
#4 C:\OpenServ\OSPanel\domains\bike\index.php(17): require('C:\\OpenServ\\OSP...')
#5 {main}
  thrown in C:\OpenServ\OSPanel\domains\bike\wp-content\themes\twentytwenty - 1111\searchform.php on line 18

2020-02-02T10:56:34+00:00 CRITICAL Uncaught Error: Call to undefined function twentytwenty_the_post_meta() in C:\OpenServ\OSPanel\domains\bike\wp-content\themes\twentytwenty - 1111\template-parts\entry-header.php:70
Stack trace:
#0 C:\OpenServ\OSPanel\domains\bike\wp-includes\template.php(724): require()
#1 C:\OpenServ\OSPanel\domains\bike\wp-includes\template.php(671): load_template('C:\\OpenServ\\OSP...', false)
#2 C:\OpenServ\OSPanel\domains\bike\wp-includes\general-template.php(168): locate_template(Array, true, false)
#3 C:\OpenServ\OSPanel\domains\bike\wp-content\themes\twentytwenty - 1111\template-parts\content.php(20): get_template_part('template-parts/...')
#4 C:\OpenServ\OSPanel\domains\bike\wp-includes\template.php(724): require('C:\\OpenServ\\OSP...')
#5 C:\OpenServ\OSPanel\domains\bike\wp-includes\template.php(671): load_template('C:\\OpenServ\\OSP...', false)
#6 C:\OpenServ\OSPanel\domains\bike\wp-includes\general-template.php(168): locate_template(Array, true, false)
#7 C:\OpenServ\OSPanel\domains\bike\wp-content\themes\twentytw in C:\OpenServ\OSPanel\domains\bike\wp-content\themes\twentytwenty - 1111\template-parts\entry-header.php on line 70

2020-02-02T11:28:13+00:00 CRITICAL Uncaught Error: Class 'custom_walker_nav_menu' not found in C:\OpenServ\OSPanel\domains\bike\wp-content\themes\bike\header.php:44
Stack trace:
#0 C:\OpenServ\OSPanel\domains\bike\wp-includes\template.php(722): require_once()
#1 C:\OpenServ\OSPanel\domains\bike\wp-includes\template.php(671): load_template('C:\\OpenServ\\OSP...', true)
#2 C:\OpenServ\OSPanel\domains\bike\wp-includes\general-template.php(41): locate_template(Array, true)
#3 C:\OpenServ\OSPanel\domains\bike\wp-content\themes\bike\single.php(12): get_header()
#4 C:\OpenServ\OSPanel\domains\bike\wp-includes\template-loader.php(98): include('C:\\OpenServ\\OSP...')
#5 C:\OpenServ\OSPanel\domains\bike\wp-blog-header.php(19): require_once('C:\\OpenServ\\OSP...')
#6 C:\OpenServ\OSPanel\domains\bike\index.php(17): require('C:\\OpenServ\\OSP...')
#7 {main}
  thrown in C:\OpenServ\OSPanel\domains\bike\wp-content\themes\bike\header.php on line 44

